<?xml version="1.0" encoding="UTF-8"?>
<testng-results ignored="0" total="2" passed="2" failed="0" skipped="0">
  <reporter-output>
  </reporter-output>
  <suite started-at="2022-07-06T19:35:53 PDT" name="Default suite" finished-at="2022-07-06T19:35:58 PDT" duration-ms="5013">
    <groups>
    </groups>
    <test started-at="2022-07-06T19:35:53 PDT" name="Default test" finished-at="2022-07-06T19:35:58 PDT" duration-ms="5013">
      <class name="test.PutPatchandDeleteExample">
        <test-method is-config="true" signature="init()[pri:0, instance:test.PutPatchandDeleteExample@3d5c822d]" started-at="2022-07-06T19:35:53 PDT" name="init" finished-at="2022-07-06T19:35:57 PDT" duration-ms="3635" status="PASS">
          <reporter-output>
          </reporter-output>
        </test-method> <!-- init -->
        <test-method signature="putUpdateBooking()[pri:1, instance:test.PutPatchandDeleteExample@3d5c822d]" started-at="2022-07-06T19:35:57 PDT" name="putUpdateBooking" finished-at="2022-07-06T19:35:57 PDT" duration-ms="878" status="PASS">
          <reporter-output>
          </reporter-output>
        </test-method> <!-- putUpdateBooking -->
        <test-method signature="deleteBooking()[pri:2, instance:test.PutPatchandDeleteExample@3d5c822d]" started-at="2022-07-06T19:35:57 PDT" name="deleteBooking" finished-at="2022-07-06T19:35:58 PDT" duration-ms="455" status="PASS">
          <reporter-output>
          </reporter-output>
        </test-method> <!-- deleteBooking -->
      </class> <!-- test.PutPatchandDeleteExample -->
    </test> <!-- Default test -->
  </suite> <!-- Default suite -->
</testng-results>
